<?xml version="1.0" encoding="UTF-8"?>
<!-- Generated by org.testng.reporters.JUnitReportReporter -->
<testsuite skipped="0" hostname="DESKTOP-OF9MC5M" name="com.w2a.testcase.FrontDesk" tests="2" failures="0" timestamp="16 Jan 2020 09:15:02 GMT" time="7.872" errors="0">
  <testcase name="validkLogin" time="5.450" classname="com.w2a.testcase.FrontDesk"/>
  <testcase name="InvalidLogin" time="2.422" classname="com.w2a.testcase.FrontDesk"/>
</testsuite> <!-- com.w2a.testcase.FrontDesk -->
