<?xml version="1.0" encoding="UTF-8"?>
<!-- Generated by org.testng.reporters.JUnitReportReporter -->
<testsuite skipped="0" hostname="DESKTOP-MHDEA67" name="com.w2a.testcase.FrontDesk" tests="2" failures="0" timestamp="2019-11-28T14:53:23 WAT" time="6.841" errors="0">
  <testcase name="InvalidLogin" time="2.548" classname="com.w2a.testcase.FrontDesk"/>
  <testcase name="validkLogin" time="4.293" classname="com.w2a.testcase.FrontDesk"/>
</testsuite> <!-- com.w2a.testcase.FrontDesk -->
